2025-07-09 22:33:00,685 - INFO - 🚀 Початок асинхронного сортування файлів
2025-07-09 22:33:00,685 - INFO - Вихідна папка: source_folder
2025-07-09 22:33:00,685 - INFO - Цільова папка: output_folder
2025-07-09 22:33:00,687 - INFO - Цільова папка створена або вже існує: output_folder
2025-07-09 22:33:00,687 - INFO - 📁 Читання файлів з вихідної папки...
2025-07-09 22:33:00,688 - INFO - У папці source_folder/subfolder знайдено 3 файлів
2025-07-09 22:33:00,689 - INFO - У папці source_folder знайдено 14 файлів
2025-07-09 22:33:00,689 - INFO - 📄 Знайдено 14 файлів для обробки
2025-07-09 22:33:00,689 - INFO - ⚙️ Початок копіювання файлів...
2025-07-09 22:33:00,689 - INFO - Файли згруповано за 14 розширеннями
2025-07-09 22:33:00,696 - INFO - Файл скопійовано: nested_data.json → json/
2025-07-09 22:33:00,696 - INFO - Файл скопійовано: spreadsheet.xlsx → xlsx/
2025-07-09 22:33:00,697 - INFO - Файл скопійовано: presentation.pptx → pptx/
2025-07-09 22:33:00,697 - INFO - Файл скопійовано: data.csv → csv/
2025-07-09 22:33:00,697 - INFO - Оброблено 1 файлів з розширенням 'json'
2025-07-09 22:33:00,697 - INFO - Файл скопійовано: audio.mp3 → mp3/
2025-07-09 22:33:00,697 - INFO - Файл скопійовано: script.py → py/
2025-07-09 22:33:00,697 - INFO - Оброблено 1 файлів з розширенням 'xlsx'
2025-07-09 22:33:00,697 - INFO - Файл скопійовано: nested_image.png → png/
2025-07-09 22:33:00,697 - INFO - Файл скопійовано: document.txt → txt/
2025-07-09 22:33:00,697 - INFO - Оброблено 1 файлів з розширенням 'pptx'
2025-07-09 22:33:00,697 - INFO - Файл скопійовано: video.mp4 → mp4/
2025-07-09 22:33:00,697 - INFO - Оброблено 1 файлів з розширенням 'csv'
2025-07-09 22:33:00,697 - INFO - Файл скопійовано: file_without_extension → no_extension/
2025-07-09 22:33:00,697 - INFO - Файл скопійовано: archive.zip → zip/
2025-07-09 22:33:00,697 - INFO - Оброблено 1 файлів з розширенням 'mp3'
2025-07-09 22:33:00,697 - INFO - Оброблено 1 файлів з розширенням 'py'
2025-07-09 22:33:00,697 - INFO - Файл скопійовано: image.jpg → jpg/
2025-07-09 22:33:00,697 - INFO - Файл скопійовано: nested_document.docx → docx/
2025-07-09 22:33:00,697 - INFO - Оброблено 1 файлів з розширенням 'png'
2025-07-09 22:33:00,697 - INFO - Оброблено 1 файлів з розширенням 'txt'
2025-07-09 22:33:00,697 - INFO - Файл скопійовано: webpage.html → html/
2025-07-09 22:33:00,697 - INFO - Оброблено 1 файлів з розширенням 'mp4'
2025-07-09 22:33:00,697 - INFO - Оброблено 1 файлів з розширенням 'no_extension'
2025-07-09 22:33:00,697 - INFO - Оброблено 1 файлів з розширенням 'zip'
2025-07-09 22:33:00,697 - INFO - Оброблено 1 файлів з розширенням 'jpg'
2025-07-09 22:33:00,697 - INFO - Оброблено 1 файлів з розширенням 'docx'
2025-07-09 22:33:00,697 - INFO - Оброблено 1 файлів з розширенням 'html'
2025-07-09 22:33:00,698 - INFO - ✅ Сортування завершено!
2025-07-09 22:33:00,698 - INFO - 📊 Статистика:
2025-07-09 22:33:00,698 - INFO -    Оброблено файлів: 14
2025-07-09 22:33:00,698 - INFO -    Помилок: 0
2025-07-09 22:33:00,774 - INFO - 🚀 Початок асинхронного сортування файлів
2025-07-09 22:33:00,775 - INFO - Вихідна папка: source_folder
2025-07-09 22:33:00,775 - INFO - Цільова папка: output_folder
2025-07-09 22:33:00,776 - INFO - Цільова папка створена або вже існує: output_folder
2025-07-09 22:33:00,776 - INFO - 📁 Читання файлів з вихідної папки...
2025-07-09 22:33:00,777 - INFO - У папці source_folder/subfolder знайдено 3 файлів
2025-07-09 22:33:00,778 - INFO - У папці source_folder знайдено 14 файлів
2025-07-09 22:33:00,778 - INFO - 📄 Знайдено 14 файлів для обробки
2025-07-09 22:33:00,778 - INFO - ⚙️ Початок копіювання файлів...
2025-07-09 22:33:00,778 - INFO - Файли згруповано за 14 розширеннями
2025-07-09 22:33:00,780 - INFO - Файл перейменовано для уникнення конфлікту: video_1.mp4
2025-07-09 22:33:00,781 - INFO - Файл перейменовано для уникнення конфлікту: nested_image_1.png
2025-07-09 22:33:00,781 - INFO - Файл перейменовано для уникнення конфлікту: presentation_1.pptx
2025-07-09 22:33:00,781 - INFO - Файл перейменовано для уникнення конфлікту: file_without_extension_1
2025-07-09 22:33:00,781 - INFO - Файл перейменовано для уникнення конфлікту: nested_document_1.docx
2025-07-09 22:33:00,781 - INFO - Файл перейменовано для уникнення конфлікту: webpage_1.html
2025-07-09 22:33:00,781 - INFO - Файл перейменовано для уникнення конфлікту: image_1.jpg
2025-07-09 22:33:00,781 - INFO - Файл перейменовано для уникнення конфлікту: nested_data_1.json
2025-07-09 22:33:00,781 - INFO - Файл перейменовано для уникнення конфлікту: data_1.csv
2025-07-09 22:33:00,781 - INFO - Файл перейменовано для уникнення конфлікту: spreadsheet_1.xlsx
2025-07-09 22:33:00,781 - INFO - Файл перейменовано для уникнення конфлікту: document_1.txt
2025-07-09 22:33:00,782 - INFO - Файл перейменовано для уникнення конфлікту: archive_1.zip
2025-07-09 22:33:00,782 - INFO - Файл перейменовано для уникнення конфлікту: script_1.py
2025-07-09 22:33:00,783 - INFO - Файл перейменовано для уникнення конфлікту: audio_1.mp3
2025-07-09 22:33:00,784 - INFO - Файл скопійовано: data.csv → csv/
2025-07-09 22:33:00,784 - INFO - Файл скопійовано: video.mp4 → mp4/
2025-07-09 22:33:00,784 - INFO - Файл скопійовано: image.jpg → jpg/
2025-07-09 22:33:00,784 - INFO - Оброблено 1 файлів з розширенням 'csv'
2025-07-09 22:33:00,784 - INFO - Файл скопійовано: file_without_extension → no_extension/
2025-07-09 22:33:00,784 - INFO - Оброблено 1 файлів з розширенням 'mp4'
2025-07-09 22:33:00,785 - INFO - Оброблено 1 файлів з розширенням 'jpg'
2025-07-09 22:33:00,785 - INFO - Файл скопійовано: nested_data.json → json/
2025-07-09 22:33:00,785 - INFO - Файл скопійовано: nested_image.png → png/
2025-07-09 22:33:00,785 - INFO - Оброблено 1 файлів з розширенням 'no_extension'
2025-07-09 22:33:00,785 - INFO - Файл скопійовано: nested_document.docx → docx/
2025-07-09 22:33:00,785 - INFO - Файл скопійовано: spreadsheet.xlsx → xlsx/
2025-07-09 22:33:00,785 - INFO - Файл скопійовано: document.txt → txt/
2025-07-09 22:33:00,785 - INFO - Файл скопійовано: webpage.html → html/
2025-07-09 22:33:00,785 - INFO - Оброблено 1 файлів з розширенням 'json'
2025-07-09 22:33:00,785 - INFO - Оброблено 1 файлів з розширенням 'png'
2025-07-09 22:33:00,785 - INFO - Файл скопійовано: presentation.pptx → pptx/
2025-07-09 22:33:00,785 - INFO - Оброблено 1 файлів з розширенням 'docx'
2025-07-09 22:33:00,785 - INFO - Оброблено 1 файлів з розширенням 'xlsx'
2025-07-09 22:33:00,785 - INFO - Оброблено 1 файлів з розширенням 'txt'
2025-07-09 22:33:00,785 - INFO - Оброблено 1 файлів з розширенням 'html'
2025-07-09 22:33:00,785 - INFO - Оброблено 1 файлів з розширенням 'pptx'
2025-07-09 22:33:00,785 - INFO - Файл скопійовано: script.py → py/
2025-07-09 22:33:00,785 - INFO - Оброблено 1 файлів з розширенням 'py'
2025-07-09 22:33:00,785 - INFO - Файл скопійовано: archive.zip → zip/
2025-07-09 22:33:00,785 - INFO - Файл скопійовано: audio.mp3 → mp3/
2025-07-09 22:33:00,785 - INFO - Оброблено 1 файлів з розширенням 'zip'
2025-07-09 22:33:00,785 - INFO - Оброблено 1 файлів з розширенням 'mp3'
2025-07-09 22:33:00,786 - INFO - ✅ Сортування завершено!
2025-07-09 22:33:00,786 - INFO - 📊 Статистика:
2025-07-09 22:33:00,786 - INFO -    Оброблено файлів: 14
2025-07-09 22:33:00,786 - INFO -    Помилок: 0
2025-07-09 22:33:00,856 - INFO - 🚀 Початок асинхронного сортування файлів
2025-07-09 22:33:00,857 - INFO - Вихідна папка: source_folder
2025-07-09 22:33:00,857 - INFO - Цільова папка: output_folder
2025-07-09 22:33:00,858 - INFO - Цільова папка створена або вже існує: output_folder
2025-07-09 22:33:00,858 - INFO - 📁 Читання файлів з вихідної папки...
2025-07-09 22:33:00,859 - DEBUG - Знайдено файл: source_folder/subfolder/nested_data.json
2025-07-09 22:33:00,859 - DEBUG - Знайдено файл: source_folder/subfolder/nested_image.png
2025-07-09 22:33:00,859 - DEBUG - Знайдено файл: source_folder/subfolder/nested_document.docx
2025-07-09 22:33:00,859 - INFO - У папці source_folder/subfolder знайдено 3 файлів
2025-07-09 22:33:00,859 - DEBUG - Оброблено підпапку: source_folder/subfolder (знайдено 3 файлів)
2025-07-09 22:33:00,859 - DEBUG - Знайдено файл: source_folder/spreadsheet.xlsx
2025-07-09 22:33:00,859 - DEBUG - Знайдено файл: source_folder/webpage.html
2025-07-09 22:33:00,859 - DEBUG - Знайдено файл: source_folder/document.txt
2025-07-09 22:33:00,859 - DEBUG - Знайдено файл: source_folder/audio.mp3
2025-07-09 22:33:00,860 - DEBUG - Знайдено файл: source_folder/video.mp4
2025-07-09 22:33:00,860 - DEBUG - Знайдено файл: source_folder/data.csv
2025-07-09 22:33:00,860 - DEBUG - Знайдено файл: source_folder/presentation.pptx
2025-07-09 22:33:00,860 - DEBUG - Знайдено файл: source_folder/file_without_extension
2025-07-09 22:33:00,860 - DEBUG - Знайдено файл: source_folder/script.py
2025-07-09 22:33:00,860 - DEBUG - Знайдено файл: source_folder/archive.zip
2025-07-09 22:33:00,860 - DEBUG - Знайдено файл: source_folder/image.jpg
2025-07-09 22:33:00,860 - INFO - У папці source_folder знайдено 14 файлів
2025-07-09 22:33:00,860 - INFO - 📄 Знайдено 14 файлів для обробки
2025-07-09 22:33:00,860 - INFO - ⚙️ Початок копіювання файлів...
2025-07-09 22:33:00,860 - INFO - Файли згруповано за 14 розширеннями
2025-07-09 22:33:00,861 - DEBUG - Папка для розширення 'json' створена: output_folder/json
2025-07-09 22:33:00,861 - DEBUG - Папка для розширення 'png' створена: output_folder/png
2025-07-09 22:33:00,861 - DEBUG - Папка для розширення 'xlsx' створена: output_folder/xlsx
2025-07-09 22:33:00,861 - DEBUG - Папка для розширення 'docx' створена: output_folder/docx
2025-07-09 22:33:00,861 - DEBUG - Папка для розширення 'txt' створена: output_folder/txt
2025-07-09 22:33:00,861 - DEBUG - Папка для розширення 'html' створена: output_folder/html
2025-07-09 22:33:00,861 - DEBUG - Папка для розширення 'mp3' створена: output_folder/mp3
2025-07-09 22:33:00,861 - DEBUG - Папка для розширення 'mp4' створена: output_folder/mp4
2025-07-09 22:33:00,862 - DEBUG - Папка для розширення 'csv' створена: output_folder/csv
2025-07-09 22:33:00,862 - DEBUG - Папка для розширення 'pptx' створена: output_folder/pptx
2025-07-09 22:33:00,862 - DEBUG - Папка для розширення 'no_extension' створена: output_folder/no_extension
2025-07-09 22:33:00,862 - DEBUG - Папка для розширення 'py' створена: output_folder/py
2025-07-09 22:33:00,862 - DEBUG - Папка для розширення 'zip' створена: output_folder/zip
2025-07-09 22:33:00,862 - DEBUG - Папка для розширення 'jpg' створена: output_folder/jpg
2025-07-09 22:33:00,863 - INFO - Файл перейменовано для уникнення конфлікту: webpage_2.html
2025-07-09 22:33:00,864 - INFO - Файл перейменовано для уникнення конфлікту: spreadsheet_2.xlsx
2025-07-09 22:33:00,864 - INFO - Файл перейменовано для уникнення конфлікту: nested_data_2.json
2025-07-09 22:33:00,864 - INFO - Файл перейменовано для уникнення конфлікту: nested_document_2.docx
2025-07-09 22:33:00,864 - INFO - Файл перейменовано для уникнення конфлікту: video_2.mp4
2025-07-09 22:33:00,864 - INFO - Файл перейменовано для уникнення конфлікту: archive_2.zip
2025-07-09 22:33:00,864 - INFO - Файл перейменовано для уникнення конфлікту: file_without_extension_2
2025-07-09 22:33:00,865 - INFO - Файл перейменовано для уникнення конфлікту: audio_2.mp3
2025-07-09 22:33:00,865 - INFO - Файл перейменовано для уникнення конфлікту: presentation_2.pptx
2025-07-09 22:33:00,865 - INFO - Файл перейменовано для уникнення конфлікту: image_2.jpg
2025-07-09 22:33:00,865 - INFO - Файл перейменовано для уникнення конфлікту: script_2.py
2025-07-09 22:33:00,865 - INFO - Файл перейменовано для уникнення конфлікту: nested_image_2.png
2025-07-09 22:33:00,865 - INFO - Файл перейменовано для уникнення конфлікту: document_2.txt
2025-07-09 22:33:00,866 - INFO - Файл перейменовано для уникнення конфлікту: data_2.csv
2025-07-09 22:33:00,867 - INFO - Файл скопійовано: nested_data.json → json/
2025-07-09 22:33:00,867 - INFO - Файл скопійовано: spreadsheet.xlsx → xlsx/
2025-07-09 22:33:00,867 - INFO - Оброблено 1 файлів з розширенням 'json'
2025-07-09 22:33:00,867 - INFO - Оброблено 1 файлів з розширенням 'xlsx'
2025-07-09 22:33:00,867 - INFO - Файл скопійовано: nested_document.docx → docx/
2025-07-09 22:33:00,867 - INFO - Файл скопійовано: archive.zip → zip/
2025-07-09 22:33:00,868 - INFO - Файл скопійовано: file_without_extension → no_extension/
2025-07-09 22:33:00,868 - INFO - Оброблено 1 файлів з розширенням 'docx'
2025-07-09 22:33:00,868 - INFO - Файл скопійовано: webpage.html → html/
2025-07-09 22:33:00,868 - INFO - Оброблено 1 файлів з розширенням 'zip'
2025-07-09 22:33:00,868 - INFO - Оброблено 1 файлів з розширенням 'no_extension'
2025-07-09 22:33:00,868 - INFO - Оброблено 1 файлів з розширенням 'html'
2025-07-09 22:33:00,868 - INFO - Файл скопійовано: audio.mp3 → mp3/
2025-07-09 22:33:00,868 - INFO - Файл скопійовано: presentation.pptx → pptx/
2025-07-09 22:33:00,868 - INFO - Файл скопійовано: script.py → py/
2025-07-09 22:33:00,868 - INFO - Файл скопійовано: video.mp4 → mp4/
2025-07-09 22:33:00,868 - INFO - Оброблено 1 файлів з розширенням 'mp3'
2025-07-09 22:33:00,868 - INFO - Оброблено 1 файлів з розширенням 'pptx'
2025-07-09 22:33:00,868 - INFO - Оброблено 1 файлів з розширенням 'py'
2025-07-09 22:33:00,868 - INFO - Файл скопійовано: document.txt → txt/
2025-07-09 22:33:00,868 - INFO - Файл скопійовано: data.csv → csv/
2025-07-09 22:33:00,868 - INFO - Оброблено 1 файлів з розширенням 'mp4'
2025-07-09 22:33:00,868 - INFO - Файл скопійовано: image.jpg → jpg/
2025-07-09 22:33:00,868 - INFO - Оброблено 1 файлів з розширенням 'txt'
2025-07-09 22:33:00,868 - INFO - Оброблено 1 файлів з розширенням 'csv'
2025-07-09 22:33:00,868 - INFO - Оброблено 1 файлів з розширенням 'jpg'
2025-07-09 22:33:00,868 - INFO - Файл скопійовано: nested_image.png → png/
2025-07-09 22:33:00,868 - INFO - Оброблено 1 файлів з розширенням 'png'
2025-07-09 22:33:00,868 - INFO - ✅ Сортування завершено!
2025-07-09 22:33:00,869 - INFO - 📊 Статистика:
2025-07-09 22:33:00,869 - INFO -    Оброблено файлів: 14
2025-07-09 22:33:00,869 - INFO -    Помилок: 0
